build/app/outputs/mapping/release/mapping.txt
# compiler: R8
# compiler_version: 1.5.64
# min_api: 19
# pg_map_id: 7906832
...
com.google.firebase.firestore.core.FieldFilter -> com.google.firebase.firestore.p0.o:
    com.google.firebase.firestore.core.Filter$Operator operator -> a
    com.google.firebase.firestore.model.value.FieldValue value -> b
    com.google.firebase.firestore.model.FieldPath field -> c
    com.google.firebase.firestore.core.FieldFilter create(com.google.firebase.firestore.model.FieldPath,com.google.firebase.firestore.core.Filter$Operator,com.google.firebase.firestore.model.value.FieldValue) -> a
    java.lang.String getCanonicalId() -> a
    boolean matches(com.google.firebase.firestore.model.Document) -> a
    boolean matchesComparison(int) -> a
    com.google.firebase.firestore.model.FieldPath getField() -> b
    com.google.firebase.firestore.core.Filter$Operator getOperator() -> c
    com.google.firebase.firestore.model.value.FieldValue getValue() -> d
    boolean isInequality() -> e
com.google.firebase.firestore.core.FieldFilter$1 -> com.google.firebase.firestore.p0.o$a:
    int[] $SwitchMap$com$google$firebase$firestore$core$Filter$Operator -> a
com.google.firebase.firestore.core.Filter -> com.google.firebase.firestore.p0.p:
    java.lang.String getCanonicalId() -> a
    boolean matches(com.google.firebase.firestore.model.Document) -> a
    com.google.firebase.firestore.model.FieldPath getField() -> b
com.google.firebase.firestore.core.Filter$Operator -> com.google.firebase.firestore.p0.p$a:
    com.google.firebase.firestore.core.Filter$Operator ARRAY_CONTAINS_ANY -> O1
    com.google.firebase.firestore.core.Filter$Operator ARRAY_CONTAINS -> N1
    com.google.firebase.firestore.core.Filter$Operator LESS_THAN_OR_EQUAL -> q
    com.google.firebase.firestore.core.Filter$Operator[] $VALUES -> Q1
    com.google.firebase.firestore.core.Filter$Operator IN -> P1
    com.google.firebase.firestore.core.Filter$Operator GREATER_THAN -> y
    com.google.firebase.firestore.core.Filter$Operator EQUAL -> x
    java.lang.String text -> c
    com.google.firebase.firestore.core.Filter$Operator GREATER_THAN_OR_EQUAL -> M1
    com.google.firebase.firestore.core.Filter$Operator LESS_THAN -> d
com.google.firebase.firestore.core.FirestoreClient -> com.google.firebase.firestore.p0.a0:
    com.google.firebase.firestore.remote.GrpcMetadataProvider metadataProvider -> i
    com.google.firebase.firestore.core.SyncEngine syncEngine -> g
    com.google.firebase.firestore.local.LocalStore localStore -> e
    com.google.firebase.firestore.local.LruGarbageCollector$Scheduler lruScheduler -> j
    com.google.firebase.firestore.util.AsyncQueue asyncQueue -> c
    com.google.firebase.firestore.remote.RemoteStore remoteStore -> f
    com.google.firebase.firestore.auth.CredentialsProvider credentialsProvider -> b
    com.google.firebase.firestore.local.Persistence persistence -> d
    com.google.firebase.firestore.core.EventManager eventManager -> h
    com.google.firebase.firestore.core.DatabaseInfo databaseInfo -> a
    com.google.android.gms.tasks.Task getDocumentFromLocalCache(com.google.firebase.firestore.model.DocumentKey) -> a
    com.google.android.gms.tasks.Task getDocumentsFromLocalCache(com.google.firebase.firestore.core.Query) -> a
    com.google.firebase.database.collection.ImmutableSortedSet getRemoteKeysForTarget(int) -> a
    void handleOnlineStateChange(com.google.firebase.firestore.core.OnlineState) -> a
    void handleRejectedListen(int,io.grpc.Status) -> a
    void handleRemoteEvent(com.google.firebase.firestore.remote.RemoteEvent) -> a
    void handleSuccessfulWrite(com.google.firebase.firestore.model.mutation.MutationBatchResult) -> a